<?xml version="1.0" encoding="UTF-8"?>
<!-- Generated by org.testng.reporters.JUnitReportReporter -->
<testsuite hostname="DESKTOP-5DC8VDN" failures="0" tests="3" name="com.ecom.qa.standalone.SubmitOrderTest" time="28.556" errors="0" timestamp="2023-07-15T01:22:50 IST" skipped="0">
  <testcase classname="com.ecom.qa.standalone.SubmitOrderTest" name="submitTest" time="12.624"/>
  <system-out/>
  <testcase classname="com.ecom.qa.standalone.SubmitOrderTest" name="submitTest" time="12.033"/>
  <system-out/>
  <testcase classname="com.ecom.qa.standalone.SubmitOrderTest" name="OrderProductTest" time="3.899"/>
  <system-out/>
</testsuite> <!-- com.ecom.qa.standalone.SubmitOrderTest -->
