<?xml version="1.0" encoding="UTF-8"?>
<!-- Generated by org.testng.reporters.JUnitReportReporter -->
<testsuite hostname="DESKTOP-5DC8VDN" failures="0" tests="2" name="com.ecom.qa.standalone.ErrorValidationTest" time="25.746" errors="0" timestamp="2023-07-15T01:22:50 IST" skipped="0">
  <testcase classname="com.ecom.qa.standalone.ErrorValidationTest" name="productError" time="19.508"/>
  <system-out/>
  <testcase classname="com.ecom.qa.standalone.ErrorValidationTest" name="errorValidationTest" time="6.238"/>
  <system-out/>
</testsuite> <!-- com.ecom.qa.standalone.ErrorValidationTest -->
