<?xml version="1.0" encoding="UTF-8"?>
<!-- Generated by org.testng.reporters.JUnitReportReporter -->
<testsuite hostname="DESKTOP-5DC8VDN" failures="0" tests="3" name="com.ecom.qa.standalone.SubmitOrderTest" time="29.325" errors="0" timestamp="2023-07-18T00:51:22 IST" skipped="0">
  <testcase classname="com.ecom.qa.standalone.SubmitOrderTest" name="submitTest" time="12.513"/>
  <system-out/>
  <testcase classname="com.ecom.qa.standalone.SubmitOrderTest" name="OrderProductTest" time="6.286"/>
  <system-out/>
  <testcase classname="com.ecom.qa.standalone.SubmitOrderTest" name="submitTest" time="10.526"/>
  <system-out/>
</testsuite> <!-- com.ecom.qa.standalone.SubmitOrderTest -->
